<?xml version="1.0" encoding="UTF-8"?>
<testng-results ignored="0" total="1" passed="1" failed="0" skipped="0">
  <reporter-output>
  </reporter-output>
  <suite started-at="2024-08-09T12:30:33 IST" name="Default suite" finished-at="2024-08-09T12:31:08 IST" duration-ms="35118">
    <groups>
    </groups>
    <test started-at="2024-08-09T12:30:33 IST" name="Default test" finished-at="2024-08-09T12:31:08 IST" duration-ms="35118">
      <class name="extentReports.ToAddScreenshotintoReport">
        <test-method signature="addscreenshot()[pri:0, instance:extentReports.ToAddScreenshotintoReport@31304f14]" started-at="2024-08-09T12:30:33 IST" name="addscreenshot" finished-at="2024-08-09T12:31:08 IST" duration-ms="34932" status="PASS">
          <reporter-output>
          </reporter-output>
        </test-method> <!-- addscreenshot -->
      </class> <!-- extentReports.ToAddScreenshotintoReport -->
    </test> <!-- Default test -->
  </suite> <!-- Default suite -->
</testng-results>
